c:\users\gilhu\source\repos\touhou project\touhou project\debug\vc142.pdb
c:\users\gilhu\source\repos\touhou project\touhou project\debug\vc142.idb
c:\users\gilhu\source\repos\touhou project\touhou project\debug\yascenemanager.obj
c:\users\gilhu\source\repos\touhou project\touhou project\debug\yascene.obj
c:\users\gilhu\source\repos\touhou project\touhou project\debug\yaplayer.obj
c:\users\gilhu\source\repos\touhou project\touhou project\debug\yalogoscene.obj
c:\users\gilhu\source\repos\touhou project\touhou project\debug\yagameobject.obj
c:\users\gilhu\source\repos\touhou project\touhou project\debug\yaentity.obj
c:\users\gilhu\source\repos\touhou project\touhou project\debug\yaapplication.obj
c:\users\gilhu\source\repos\touhou project\touhou project\debug\touhou project.obj
c:\users\gilhu\source\repos\touhou project\debug\touhou project.exe
c:\users\gilhu\source\repos\touhou project\touhou project\debug\touhou project.ilk
c:\users\gilhu\source\repos\touhou project\debug\touhou project.pdb
c:\users\gilhu\source\repos\touhou project\touhou project\debug\touhou project.res
c:\users\gilhu\source\repos\touhou project\touhou project\debug\touhou project.tlog\cl.command.1.tlog
c:\users\gilhu\source\repos\touhou project\touhou project\debug\touhou project.tlog\cl.read.1.tlog
c:\users\gilhu\source\repos\touhou project\touhou project\debug\touhou project.tlog\cl.write.1.tlog
c:\users\gilhu\source\repos\touhou project\touhou project\debug\touhou project.tlog\link.command.1.tlog
c:\users\gilhu\source\repos\touhou project\touhou project\debug\touhou project.tlog\link.read.1.tlog
c:\users\gilhu\source\repos\touhou project\touhou project\debug\touhou project.tlog\link.write.1.tlog
c:\users\gilhu\source\repos\touhou project\touhou project\debug\touhou project.tlog\rc.command.1.tlog
c:\users\gilhu\source\repos\touhou project\touhou project\debug\touhou project.tlog\rc.read.1.tlog
c:\users\gilhu\source\repos\touhou project\touhou project\debug\touhou project.tlog\rc.write.1.tlog
